#
# There is insufficient memory for the Java Runtime Environment to continue.
# Native memory allocation (mmap) failed to map 201326592 bytes for G1 virtual space
# Possible reasons:
#   The system is out of physical RAM or swap space
#   The process is running with CompressedOops enabled, and the Java Heap may be blocking the growth of the native heap
# Possible solutions:
#   Reduce memory load on the system
#   Increase physical memory or swap space
#   Check if swap backing store is full
#   Decrease Java heap size (-Xmx/-Xms)
#   Decrease number of Java threads
#   Decrease Java thread stack sizes (-Xss)
#   Set larger code cache with -XX:ReservedCodeCacheSize=
#   JVM is running with Zero Based Compressed Oops mode in which the Java heap is
#     placed in the first 32GB address space. The Java Heap base address is the
#     maximum limit for the native heap growth. Please use -XX:HeapBaseMinAddress
#     to set the Java Heap base and to place the Java Heap above 32GB virtual address.
# This output file may be truncated or incomplete.
#
#  Out of Memory Error (os_windows.cpp:3466), pid=16300, tid=5168
#
# JRE version:  (16.0.1+9) (build )
# Java VM: OpenJDK 64-Bit Server VM (16.0.1+9-24, mixed mode, sharing, tiered, compressed oops, compressed class ptrs, g1 gc, windows-amd64)
# No core dump will be written. Minidumps are not enabled by default on client versions of Windows
#

---------------  S U M M A R Y ------------

Command Line: C:\Users\AMITJA~1\AppData\Local\Temp\surefire1761377334309730634\surefirebooter16498991642462231001.jar C:\Users\Amit Jamwal\AppData\Local\Temp\surefire1761377334309730634 2023-07-03T17-47-28_752-jvmRun1 surefire17086611365773269423tmp surefire_09614153117816922179tmp

Host: Intel(R) Core(TM) i5-4300U CPU @ 1.90GHz, 4 cores, 11G,  Windows 10 , 64 bit Build 19041 (10.0.19041.3031)
Time: Mon Jul  3 17:47:29 2023 India Standard Time elapsed time: 0.020755 seconds (0d 0h 0m 0s)

---------------  T H R E A D  ---------------

Current thread (0x000001e1fe428240):  JavaThread "Unknown thread" [_thread_in_vm, id=5168, stack(0x00000002a2700000,0x00000002a2800000)]

Stack: [0x00000002a2700000,0x00000002a2800000]
Native frames: (J=compiled Java code, j=interpreted, Vv=VM code, C=native code)
V  [jvm.dll+0x6687ca]
V  [jvm.dll+0x7ca3c9]
V  [jvm.dll+0x7cbb53]
V  [jvm.dll+0x7cc1b3]
V  [jvm.dll+0x242ea5]
V  [jvm.dll+0x665589]
V  [jvm.dll+0x65a175]
V  [jvm.dll+0x2fc5ab]
V  [jvm.dll+0x3037a6]
V  [jvm.dll+0x352fee]
V  [jvm.dll+0x35321f]
V  [jvm.dll+0x2d3618]
V  [jvm.dll+0x2d4854]
V  [jvm.dll+0x79ccb1]
V  [jvm.dll+0x360de1]
V  [jvm.dll+0x77a990]
V  [jvm.dll+0x3e55af]
V  [jvm.dll+0x3e7081]
C  [jli.dll+0x52fb]
C  [ucrtbase.dll+0x21bb2]
C  [KERNEL32.DLL+0x17614]
C  [ntdll.dll+0x526f1]


---------------  P R O C E S S  ---------------

Threads class SMR info:
_java_thread_list=0x00007ff89a85cbb8, length=0, elements={
}

Java Threads: ( => current thread )

Other Threads:
  0x000001e1fe46e540 GCTaskThread "GC Thread#0" [stack: 0x00000002a2800000,0x00000002a2900000] [id=8532]
  0x000001e1fe47b500 ConcurrentGCThread "G1 Main Marker" [stack: 0x00000002a2900000,0x00000002a2a00000] [id=5072]
  0x000001e1fe47bff0 ConcurrentGCThread "G1 Conc#0" [stack: 0x00000002a2a00000,0x00000002a2b00000] [id=8276]

[error occurred during error reporting (printing all threads), id 0xc0000005, EXCEPTION_ACCESS_VIOLATION (0xc0000005) at pc=0x00007ff89a0344d7]

VM state: not at safepoint (not fully initialized)

VM Mutex/Monitor currently owned by a thread:  ([mutex/lock_event])
[0x000001e1fe425460] Heap_lock - owner thread: 0x000001e1fe428240

Heap address: 0x0000000741800000, size: 3048 MB, Compressed Oops mode: Zero based, Oop shift amount: 3

CDS archive(s) mapped at: [0x0000000000000000-0x0000000000000000-0x0000000000000000), size 0, SharedBaseAddress: 0x0000000800000000, ArchiveRelocationMode: 0.
Narrow klass base: 0x0000000000000000, Narrow klass shift: 0, Narrow klass range: 0x0

GC Precious Log:
<Empty>

Heap:
 garbage-first heap   total 0K, used 0K [0x0000000741800000, 0x0000000800000000)
  region size 2048K, 0 young (0K), 0 survivors (0K)

[error occurred during error reporting (printing heap information), id 0xc0000005, EXCEPTION_ACCESS_VIOLATION (0xc0000005) at pc=0x00007ff89a4124ed]

GC Heap History (0 events):
No events

Deoptimization events (0 events):
No events

Classes unloaded (0 events):
No events

Classes redefined (0 events):
No events

Internal exceptions (0 events):
No events

Events (1 events):
Event: 0.012 Loaded shared library D:\Software\eclipse-jee-2021-06-R-win32-x86_64\eclipse\plugins\org.eclipse.justj.openjdk.hotspot.jre.full.win32.x86_64_16.0.1.v20210528-1205\jre\bin\java.dll


Dynamic libraries:
0x00007ff70a3b0000 - 0x00007ff70a3be000 	D:\Software\eclipse-jee-2021-06-R-win32-x86_64\eclipse\plugins\org.eclipse.justj.openjdk.hotspot.jre.full.win32.x86_64_16.0.1.v20210528-1205\jre\bin\java.exe
0x00007ff8d1250000 - 0x00007ff8d1448000 	C:\Windows\SYSTEM32\ntdll.dll
0x00007ff8d07b0000 - 0x00007ff8d086f000 	C:\Windows\System32\KERNEL32.DLL
0x00007ff8cee20000 - 0x00007ff8cf116000 	C:\Windows\System32\KERNELBASE.dll
0x00007ff8cecb0000 - 0x00007ff8cedb0000 	C:\Windows\System32\ucrtbase.dll
0x00007ff8b8e00000 - 0x00007ff8b8e18000 	D:\Software\eclipse-jee-2021-06-R-win32-x86_64\eclipse\plugins\org.eclipse.justj.openjdk.hotspot.jre.full.win32.x86_64_16.0.1.v20210528-1205\jre\bin\jli.dll
0x00007ff8c8d40000 - 0x00007ff8c8d59000 	D:\Software\eclipse-jee-2021-06-R-win32-x86_64\eclipse\plugins\org.eclipse.justj.openjdk.hotspot.jre.full.win32.x86_64_16.0.1.v20210528-1205\jre\bin\VCRUNTIME140.dll
0x00007ff8d0560000 - 0x00007ff8d06fd000 	C:\Windows\System32\USER32.dll
0x00007ff8ce9d0000 - 0x00007ff8ce9f2000 	C:\Windows\System32\win32u.dll
0x00007ff8d0510000 - 0x00007ff8d053c000 	C:\Windows\System32\GDI32.dll
0x00007ff8b8a30000 - 0x00007ff8b8cca000 	C:\Windows\WinSxS\amd64_microsoft.windows.common-controls_6595b64144ccf1df_6.0.19041.1110_none_60b5254171f9507e\COMCTL32.dll
0x00007ff8ceb90000 - 0x00007ff8ceca5000 	C:\Windows\System32\gdi32full.dll
0x00007ff8d0370000 - 0x00007ff8d040e000 	C:\Windows\System32\msvcrt.dll
0x00007ff8ce930000 - 0x00007ff8ce9cd000 	C:\Windows\System32\msvcp_win.dll
0x00007ff8d0090000 - 0x00007ff8d00c0000 	C:\Windows\System32\IMM32.DLL
0x00007ff8c90e0000 - 0x00007ff8c90ec000 	D:\Software\eclipse-jee-2021-06-R-win32-x86_64\eclipse\plugins\org.eclipse.justj.openjdk.hotspot.jre.full.win32.x86_64_16.0.1.v20210528-1205\jre\bin\vcruntime140_1.dll
0x00007ff8c0f30000 - 0x00007ff8c0fc1000 	D:\Software\eclipse-jee-2021-06-R-win32-x86_64\eclipse\plugins\org.eclipse.justj.openjdk.hotspot.jre.full.win32.x86_64_16.0.1.v20210528-1205\jre\bin\msvcp140.dll
0x00007ff899d50000 - 0x00007ff89a8fb000 	D:\Software\eclipse-jee-2021-06-R-win32-x86_64\eclipse\plugins\org.eclipse.justj.openjdk.hotspot.jre.full.win32.x86_64_16.0.1.v20210528-1205\jre\bin\server\jvm.dll
0x00007ff8d0700000 - 0x00007ff8d07af000 	C:\Windows\System32\ADVAPI32.dll
0x00007ff8d0120000 - 0x00007ff8d01bc000 	C:\Windows\System32\sechost.dll
0x00007ff8d10e0000 - 0x00007ff8d1206000 	C:\Windows\System32\RPCRT4.dll
0x00007ff8cffc0000 - 0x00007ff8cffc8000 	C:\Windows\System32\PSAPI.DLL
0x00007ff8b9b30000 - 0x00007ff8b9b39000 	C:\Windows\SYSTEM32\WSOCK32.dll
0x00007ff8d0950000 - 0x00007ff8d09bb000 	C:\Windows\System32\WS2_32.dll
0x00007ff8bea60000 - 0x00007ff8bea87000 	C:\Windows\SYSTEM32\WINMM.dll
0x00007ff8c34e0000 - 0x00007ff8c34ea000 	C:\Windows\SYSTEM32\VERSION.dll
0x00007ff8cd180000 - 0x00007ff8cd192000 	C:\Windows\SYSTEM32\kernel.appcore.dll
0x00007ff8c36c0000 - 0x00007ff8c36ca000 	D:\Software\eclipse-jee-2021-06-R-win32-x86_64\eclipse\plugins\org.eclipse.justj.openjdk.hotspot.jre.full.win32.x86_64_16.0.1.v20210528-1205\jre\bin\jimage.dll
0x00007ff8ccf10000 - 0x00007ff8cd0f4000 	C:\Windows\SYSTEM32\DBGHELP.DLL
0x00007ff8b9bd0000 - 0x00007ff8b9c04000 	C:\Windows\SYSTEM32\dbgcore.DLL
0x00007ff8cf120000 - 0x00007ff8cf1a2000 	C:\Windows\System32\bcryptPrimitives.dll
0x00007ff8b8620000 - 0x00007ff8b8645000 	D:\Software\eclipse-jee-2021-06-R-win32-x86_64\eclipse\plugins\org.eclipse.justj.openjdk.hotspot.jre.full.win32.x86_64_16.0.1.v20210528-1205\jre\bin\java.dll

dbghelp: loaded successfully - version: 4.0.5 - missing functions: none
symbol engine: initialized successfully - sym options: 0x614 - pdb path: .;D:\Software\eclipse-jee-2021-06-R-win32-x86_64\eclipse\plugins\org.eclipse.justj.openjdk.hotspot.jre.full.win32.x86_64_16.0.1.v20210528-1205\jre\bin;C:\Windows\SYSTEM32;C:\Windows\WinSxS\amd64_microsoft.windows.common-controls_6595b64144ccf1df_6.0.19041.1110_none_60b5254171f9507e;D:\Software\eclipse-jee-2021-06-R-win32-x86_64\eclipse\plugins\org.eclipse.justj.openjdk.hotspot.jre.full.win32.x86_64_16.0.1.v20210528-1205\jre\bin\server

VM Arguments:
java_command: C:\Users\AMITJA~1\AppData\Local\Temp\surefire1761377334309730634\surefirebooter16498991642462231001.jar C:\Users\Amit Jamwal\AppData\Local\Temp\surefire1761377334309730634 2023-07-03T17-47-28_752-jvmRun1 surefire17086611365773269423tmp surefire_09614153117816922179tmp
java_class_path (initial): C:\Users\AMITJA~1\AppData\Local\Temp\surefire1761377334309730634\surefirebooter16498991642462231001.jar
Launcher Type: SUN_STANDARD

[Global flags]
     intx CICompilerCount                          = 3                                         {product} {ergonomic}
     uint ConcGCThreads                            = 1                                         {product} {ergonomic}
     uint G1ConcRefinementThreads                  = 4                                         {product} {ergonomic}
   size_t G1HeapRegionSize                         = 2097152                                   {product} {ergonomic}
    uintx GCDrainStackTargetSize                   = 64                                        {product} {ergonomic}
   size_t InitialHeapSize                          = 201326592                                 {product} {ergonomic}
   size_t MarkStackSize                            = 4194304                                   {product} {ergonomic}
   size_t MaxHeapSize                              = 3196059648                                {product} {ergonomic}
   size_t MinHeapDeltaBytes                        = 2097152                                   {product} {ergonomic}
   size_t MinHeapSize                              = 8388608                                   {product} {ergonomic}
    uintx NonNMethodCodeHeapSize                   = 5832780                                {pd product} {ergonomic}
    uintx NonProfiledCodeHeapSize                  = 122912730                              {pd product} {ergonomic}
    uintx ProfiledCodeHeapSize                     = 122912730                              {pd product} {ergonomic}
    uintx ReservedCodeCacheSize                    = 251658240                              {pd product} {ergonomic}
     bool SegmentedCodeCache                       = true                                      {product} {ergonomic}
   size_t SoftMaxHeapSize                          = 3196059648                             {manageable} {ergonomic}
     bool UseCompressedClassPointers               = true                           {product lp64_product} {ergonomic}
     bool UseCompressedOops                        = true                           {product lp64_product} {ergonomic}
     bool UseG1GC                                  = true                                      {product} {ergonomic}
     bool UseLargePagesIndividualAllocation        = false                                  {pd product} {ergonomic}

Logging:
Log output configuration:
 #0: stdout all=warning uptime,level,tags
 #1: stderr all=off uptime,level,tags

Environment Variables:
PATH=D:/Software/eclipse-jee-2021-06-R-win32-x86_64/eclipse//plugins/org.eclipse.justj.openjdk.hotspot.jre.full.win32.x86_64_16.0.1.v20210528-1205/jre/bin/server;D:/Software/eclipse-jee-2021-06-R-win32-x86_64/eclipse//plugins/org.eclipse.justj.openjdk.hotspot.jre.full.win32.x86_64_16.0.1.v20210528-1205/jre/bin;C:\Program Files\Common Files\Oracle\Java\javapath;C:\Windows\system32;C:\Windows;C:\Windows\System32\Wbem;C:\Windows\System32\WindowsPowerShell\v1.0\;C:\Windows\System32\OpenSSH\;C:\Program Files\PuTTY\;C:\Program Files\Git\cmd;C:\Users\Amit Jamwal\AppData\Roaming\nvm;C:\Program Files\nodejs;C:\Program Files\nodejs\;C:\Users\Amit Jamwal\AppData\Local\Microsoft\WindowsApps;C:\Users\Amit Jamwal\AppData\Local\Programs\Microsoft VS Code\bin;C:\Users\Amit Jamwal\AppData\Roaming\nvm;C:\Program Files\nodejs;C:\Users\Amit Jamwal\AppData\Roaming\npm;C:\Program Files\JetBrains\IntelliJ IDEA 2021.1\bin;;D:\Software\eclipse-jee-2021-06-R-win32-x86_64\eclipse;
USERNAME=Amit Jamwal
OS=Windows_NT
PROCESSOR_IDENTIFIER=Intel64 Family 6 Model 69 Stepping 1, GenuineIntel



---------------  S Y S T E M  ---------------

OS:
 Windows 10 , 64 bit Build 19041 (10.0.19041.3031)
OS uptime: 5 days 0:39 hours
Hyper-V role detected

CPU: total 4 (initial active 4) (2 cores per cpu, 2 threads per core) family 6 model 69 stepping 1 microcode 0x25, cx8, cmov, fxsr, ht, mmx, sse, sse2, sse3, ssse3, sse4.1, sse4.2, popcnt, lzcnt, tsc, tscinvbit, avx, avx2, aes, erms, clmul, bmi1, bmi2, fma, vzeroupper, clflush, hv

Memory: 4k page, system-wide physical 12185M (577M free)
TotalPageFile size 20116M (AvailPageFile size 90M)
current process WorkingSet (physical memory assigned to process): 10M, peak: 10M
current process commit charge ("private bytes"): 51M, peak: 243M

vm_info: OpenJDK 64-Bit Server VM (16.0.1+9-24) for windows-amd64 JRE (16.0.1+9-24), built on Mar 26 2021 19:30:07 by "mach5one" with MS VC++ 16.7 (VS2019)

END.
